info|2020-11-26 07:29:42.185226|[INITIALIZER][initGlobalConfig],enableCompress=true,compatibilityVersion=2.6.0,versionNumber=33947648,enableStat=false,chainId=1,useSMCrypto=false
info|2020-11-26 07:29:42.186077|[INITIALIZER][SecureInitializer]loading privateKey
info|2020-11-26 07:29:42.287979|[INITIALIZER][SecureInitializer]get pub of node,nodeID=022787d0dea3fc34e738c89708b104e29c1fe9c909ef6323cc4859454788c8bab25ecc8e5ec1c0e32a6c8f1b7543ff2cf689bcdc8088fbb383fa5676b7ce56d4
info|2020-11-26 07:29:42.288697|[INITIALIZER][SecureInitializer]use user certificate,file=conf//node.crt
info|2020-11-26 07:29:42.289715|[INITIALIZER][SecureInitializer]use ca certificate,file=conf//ca.crt
info|2020-11-26 07:29:42.289827|[INITIALIZER][SecureInitializer]use ca,file=conf//
info|2020-11-26 07:29:42.290333|[NETWORK][Host]Connecting to node,endpoint=127.0.0.1:30300
info|2020-11-26 07:29:42.290385|[NETWORK][Host]P2P StartAccept,Host=0.0.0.0:30303
info|2020-11-26 07:29:42.290507|[NETWORK][Host]Connecting to node,endpoint=127.0.0.1:30301
info|2020-11-26 07:29:42.290568|[NETWORK][Host]Connecting to node,endpoint=127.0.0.1:30302
info|2020-11-26 07:29:42.290619|[NETWORK][Host]Connecting to node,endpoint=127.0.0.1:30303
info|2020-11-26 07:29:42.290626|[NETWORK][ASIO]asyncResolveConnect,endpoint=127.0.0.1:30300
info|2020-11-26 07:29:42.290673|[NETWORK][Host]Connecting to node,endpoint=127.0.0.1:30304
info|2020-11-26 07:29:42.290694|[NETWORK][ASIO]asyncResolveConnect,endpoint=127.0.0.1:30301
info|2020-11-26 07:29:42.290726|[P2P][Service] heartBeat,connected count=0
info|2020-11-26 07:29:42.290738|[NETWORK][ASIO]asyncResolveConnect,endpoint=127.0.0.1:30302
info|2020-11-26 07:29:42.290767|[INITIALIZER][RPCInitializer],network_security.check_cert_issuer=true
info|2020-11-26 07:29:42.290945|[NETWORK][ASIO]asyncResolveConnect,endpoint=127.0.0.1:30303
info|2020-11-26 07:29:42.291004|[NETWORK][ASIO]asyncResolveConnect,endpoint=127.0.0.1:30304
warning|2020-11-26 07:29:42.291039|[NETWORK][Host]TCP Connection refused by node,endpoint=127.0.0.1:30301,message=Connection refused
warning|2020-11-26 07:29:42.291285|[NETWORK][Host]TCP Connection refused by node,endpoint=127.0.0.1:30302,message=Connection refused
warning|2020-11-26 07:29:42.291344|[P2P][Service] onConnect,errorCode=5,what=Connect failed
info|2020-11-26 07:29:42.291496|[NETWORK][Host]P2P Recv Connect, From=127.0.0.1:50704
warning|2020-11-26 07:29:42.374799|[P2P][Service] onConnect,errorCode=5,what=Connect failed
info|2020-11-26 07:29:42.374838|[NETWORK][Host]P2P StartAccept,Host=0.0.0.0:30303
info|2020-11-26 07:29:42.375600|[CHANNEL]ChannelRPCServer started
info|2020-11-26 07:29:42.375629|[INITIALIZER][RPCInitializer]ChannelRPCHttpServer started.
info|2020-11-26 07:29:42.375641|[INITIALIZER][LedgerInitializer]initConfig
info|2020-11-26 07:29:42.375653|[LedgerInitializer],groupConfigPath=conf/
info|2020-11-26 07:29:42.388845|[INITIALIZER][initSingleLedger] [GroupId], LedgerConstructor:  1,configFileName=conf/group.1.genesis,dataDir=data/
info|2020-11-26 07:29:42.389031|[g:1][LedgerParam][parseGenesisConfig]initConsensusConfig/initStorageConfig/initTxConfig,configFile=conf/group.1.genesis
info|2020-11-26 07:29:42.389061|[g:1][LedgerParam][initConsensusConfig],type=pbft,consensusTimeout=3,maxTxNum=1000,txGasLimit=300000000
info|2020-11-26 07:29:42.389090|[g:1][LedgerParam][parsePublicKeyListOfSection],sectionName=consensus,it.first=493cb91b57187cec144f9a21935479afcfceee1d370ba56a70ea4ce1e4250b83b6b28d6f471fed44e982f2e0698d79f4da6240e348fb70999cefee612635a07b
info|2020-11-26 07:29:42.389113|[g:1][LedgerParam][parsePublicKeyListOfSection],sectionName=consensus,it.first=c4e9b5182e8eeae4991f52615a946f2fa58af9b78bd05910e3386cdfb8c2d4c5d0e191a6984c8fc9997b19595016b1c21f7f74b664959b95645168542eeaf9f3
info|2020-11-26 07:29:42.389138|[g:1][LedgerParam][parsePublicKeyListOfSection],sectionName=consensus,it.first=25f14509c6dafbce8f86280007799dbcb25b9b39ab829f73578709c48f4d7c3c3c7f2c4c96469bed8332c10babb38a17988427af1829af346fd53f9db9c02d09
info|2020-11-26 07:29:42.389161|[g:1][LedgerParam][parsePublicKeyListOfSection],sectionName=consensus,it.first=022787d0dea3fc34e738c89708b104e29c1fe9c909ef6323cc4859454788c8bab25ecc8e5ec1c0e32a6c8f1b7543ff2cf689bcdc8088fbb383fa5676b7ce56d4
info|2020-11-26 07:29:42.389176|[g:1][LedgerParam][parsePublicKeyListOfSection],totalPubKeySize=4
info|2020-11-26 07:29:42.389203|[g:1][LedgerParam][max_block_range],maxBlockRange=0,maxBlockPerProcess=3
info|2020-11-26 07:29:42.389219|[g:1][LedgerParam][parseGenesisConfig],timestamp=1606293165000
info|2020-11-26 07:29:42.389238|[g:1][LedgerParam]setEVMFlags,enableFreeStorageVMSchedule=false,evmFlags=0
info|2020-11-26 07:29:42.389266|[g:1][LedgerParam]store evmFlag,evmFlag=0
info|2020-11-26 07:29:42.389279|[g:1][LedgerParam]store consensus time,consensusTimeout=3
info|2020-11-26 07:29:42.389290|[g:1][LedgerParam][initMark],genesisMark=1-493cb91b57187cec144f9a21935479afcfceee1d370ba56a70ea4ce1e4250b83b6b28d6f471fed44e982f2e0698d79f4da6240e348fb70999cefee612635a07b,c4e9b5182e8eeae4991f52615a946f2fa58af9b78bd05910e3386cdfb8c2d4c5d0e191a6984c8fc9997b19595016b1c21f7f74b664959b95645168542eeaf9f3,25f14509c6dafbce8f86280007799dbcb25b9b39ab829f73578709c48f4d7c3c3c7f2c4c96469bed8332c10babb38a17988427af1829af346fd53f9db9c02d09,022787d0dea3fc34e738c89708b104e29c1fe9c909ef6323cc4859454788c8bab25ecc8e5ec1c0e32a6c8f1b7543ff2cf689bcdc8088fbb383fa5676b7ce56d4,-pbft-storage-0-1000-300000000-3
info|2020-11-26 07:29:42.389299|[g:1][LedgerParam][initIniConfig]initTxPoolConfig/initSyncConfig/initTxExecuteConfig,configFile=conf/group.1.ini
info|2020-11-26 07:29:42.390151|[g:1][LedgerParam][initStorageConfig],stateType=storage,storageDB=rocksdb,storagePath=data//group1/block/RocksDB,baseDir=data//group1,dbtype=mysql,dbip=127.0.0.1,dbport=3306,dbcharset=utf8mb4,initconnections=15,maxconnections=50,scrollThreshold=2000
info|2020-11-26 07:29:42.390183|[g:1][LedgerParam][initTxPoolConfig],txPoolLimit=150000,memorySizeLimit(MB)=512,notifyWorkerNum=2
info|2020-11-26 07:29:42.390202|[g:1][LedgerParam][initSyncConfig],idleWaitMs=200
info|2020-11-26 07:29:42.390218|[g:1][LedgerParam][initSyncConfig],enableSendTxsByTree=true,enableSendBlockStatusByTree=true
info|2020-11-26 07:29:42.390234|[g:1][LedgerParam][initSyncConfig],gossipInterval=1000
info|2020-11-26 07:29:42.390251|[g:1][LedgerParam][initSyncConfig],enableSendBlockStatusByTree=true,gossipInterval=1000,gossipPeers=3,syncTreeWidth=3,maxQueueSizeForBlockSync=536870912,txsStatusGossipMaxPeers=5
info|2020-11-26 07:29:42.390266|[g:1][LedgerParam][InitTxExecuteConfig],enableParallel=true
info|2020-11-26 07:29:42.390292|[g:1][LedgerParam][initConsensusIniConfig],maxTTL=2,minBlockGenerationTime=500,enablDynamicBlockSize=true,blockSizeIncreaseRatio=0.5,enableTTLOptimize=true,enablePrepareWithTxsHash=true
info|2020-11-26 07:29:42.390330|[g:1][LedgerParam][initRPBFTConsensusIniConfig],broadcastPrepareByTree=true,prepareStatusBroadcastPercent=33,maxRequestMissedTxsWaitTime=100,maxRequestPrepareWaitTime=100
info|2020-11-26 07:29:42.390348|[g:1][LedgerParam][initFlowControlConfig],maxQPS=9223372036854775807,outGoingBandwidth(Bytes)=9223372036854775807
info|2020-11-26 07:29:42.390358|[g:1][LedgerParam]parseSDKAllowList,sdkAllowList=[],enableSDKAllowListControl=false
info|2020-11-26 07:29:42.390388|[g:1][LEDGER][initLedger][DBInitializer]
info|2020-11-26 07:29:42.390417|[g:1][LEDGER]setSDKAllowList,groupId=1,sdkAllowListSize=0
info|2020-11-26 07:29:42.390438|[g:1][CHANNEL]registerSDKAllowListByGroupId,groupId=1,size=0
info|2020-11-26 07:29:42.390456|[g:1][CHANNEL]Disable group-level sdk permission control for sdk allowlist is empty
info|2020-11-26 07:29:42.390463|[g:1][DBINITIALIZER] [initStorageDB]
info|2020-11-26 07:29:42.390471|[g:1][DBINITIALIZER] [initRocksDBStorage]
info|2020-11-26 07:29:42.391002|[g:1][ROCKSDB]open rocksDB handler,path=data//group1/block/RocksDB
info|2020-11-26 07:29:42.399000|[NETWORK][Host]handshakeServer succ,remote endpoint=127.0.0.1:50704
info|2020-11-26 07:29:42.399048|[NETWORK][Host]startPeerSession, Remote=127.0.0.1:50704,local endpoint=127.0.0.1:30303,nodeID=022787d0...
info|2020-11-26 07:29:42.399075|[NETWORK][Host]P2P Recv Connect, From=127.0.0.1:50714
info|2020-11-26 07:29:42.399108|[NETWORK][Host]P2P StartAccept,Host=0.0.0.0:30303
info|2020-11-26 07:29:42.399209|[NETWORK][Host]handshakeClient succ,local endpoint=127.0.0.1:50704
info|2020-11-26 07:29:42.399231|[NETWORK][Host]startPeerSession, Remote=127.0.0.1:30303,local endpoint=127.0.0.1:50704,nodeID=022787d0...
info|2020-11-26 07:29:42.475739|[NETWORK][Host]P2P Recv Connect, From=127.0.0.1:50724
info|2020-11-26 07:29:42.475820|[NETWORK][Host]P2P StartAccept,Host=0.0.0.0:30303
info|2020-11-26 07:29:42.477401|[NETWORK][Host]handshakeClient succ,local endpoint=127.0.0.1:44564
info|2020-11-26 07:29:42.477440|[NETWORK][Host]startPeerSession, Remote=127.0.0.1:30300,local endpoint=127.0.0.1:44564,nodeID=493cb91b...
info|2020-11-26 07:29:42.477526|[P2P][Service] Connection established,nodeID=493cb91b...,endpoint=127.0.0.1:30300
info|2020-11-26 07:29:42.479699|[NETWORK][Host]handshakeClient succ,local endpoint=127.0.0.1:46458
info|2020-11-26 07:29:42.479733|[NETWORK][Host]startPeerSession, Remote=127.0.0.1:30304,local endpoint=127.0.0.1:46458,nodeID=f1400d3a...
info|2020-11-26 07:29:42.479814|[P2P][Service] Connection established,nodeID=f1400d3a...,endpoint=127.0.0.1:30304
info|2020-11-26 07:29:42.494596|[g:1][g:1][STORAGE][CachedStorage]Init flushStorage thread
info|2020-11-26 07:29:42.494738|[g:1][DBINITIALIZER] [init CachedStorage],maxCapacity=32,maxForwardBlock=10
info|2020-11-26 07:29:42.494750|[g:1][LEDGER][initLedger][initBlockChain]
info|2020-11-26 07:29:42.575090|[g:1][LEDGER]set enableHexBlock to be false,version=33947648
info|2020-11-26 07:29:42.575125|[g:1][BLOCKCHAIN][#checkAndBuildGenesisBlock],shouldBuild=false
info|2020-11-26 07:29:42.575658|[g:1][BLOCKCHAIN][#checkAndBuildGenesisBlock]Already have the 0th block, 0th groupMark is equal to file groupMark.
info|2020-11-26 07:29:42.575677|[g:1][LEDGER][initLedger]initBlockChain SUCC
info|2020-11-26 07:29:42.575731|[NETWORK][Host]handshakeServer succ,remote endpoint=127.0.0.1:50714
info|2020-11-26 07:29:42.575755|[g:1][DBINITIALIZER] [createStateFactory],type=storage
info|2020-11-26 07:29:42.575764|[g:1][DBINITIALIZER] createStorageState SUCC
info|2020-11-26 07:29:42.575769|[g:1][DBINITIALIZER] [createStateFactory SUCC]
info|2020-11-26 07:29:42.575775|[g:1][DBINITIALIZER] createExecutiveContext...
info|2020-11-26 07:29:42.575779|[NETWORK][Host]startPeerSession, Remote=127.0.0.1:50714,local endpoint=127.0.0.1:30303,nodeID=c4e9b518...
info|2020-11-26 07:29:42.575811|[g:1][LEDGER]createGasMetric,vmFlagType=0
info|2020-11-26 07:29:42.575819|[g:1][LEDGER]createGasMetric
info|2020-11-26 07:29:42.575841|[P2P][Service] Connection established,nodeID=c4e9b518...,endpoint=127.0.0.1:50714
info|2020-11-26 07:29:42.575873|[g:1][DBINITIALIZER] create precompiledGasFactory and precompiledResultFactory
info|2020-11-26 07:29:42.575880|[g:1][DBINITIALIZER] createExecutiveContext SUCC
info|2020-11-26 07:29:42.575888|[g:1][DBINITIALIZER] [setSyncNumForCachedStorage],syncNum=3
info|2020-11-26 07:29:42.575900|[g:1][LEDGER][initNetworkBandWidthLimiter: outGoingBandwidthLimit has been disabled],groupId=1
info|2020-11-26 07:29:42.575907|[g:1][LEDGER][QPSLimit has been disabled],groupId=1
info|2020-11-26 07:29:42.575914|[g:1][LEDGER][initLedger][initBlockVerifier]
info|2020-11-26 07:29:42.575925|[g:1][LEDGER][initLedger][initBlockVerifier SUCC],evmFlags=0
info|2020-11-26 07:29:42.575934|[g:1][LEDGER][initLedger][initTxPool],txPoolLimit=150000
info|2020-11-26 07:29:42.577127|[g:1][LEDGER][initLedger]initTxPool SUCC
info|2020-11-26 07:29:42.577149|[g:1][LEDGER][initLedger][initSync],idleWaitMs=200,gossipInterval=1000,gossipPeers=3
info|2020-11-26 07:29:42.577159|[g:1][LEDGER]Init sync master,enableSendBlockStatusByTree=true,enableSendTxsByTree=true
info|2020-11-26 07:29:42.578159|[g:1][LEDGER][initLedger]initSync SUCC
info|2020-11-26 07:29:42.578178|[g:1][LEDGER][initLedger][consensusInitFactory]
info|2020-11-26 07:29:42.578185|[g:1][LEDGER][initLedger][createPBFTSealer]
info|2020-11-26 07:29:42.578191|[g:1][LEDGER][initLedger][createPBFTSealer],baseDir=data//group1,Protocol=65544
info|2020-11-26 07:29:42.578223|[g:1][LEDGER][initLedger]createPBFTSealer for PBFT or rPBFT,consensusType=pbft
info|2020-11-26 07:29:42.578231|[g:1][LEDGER]createConsensusEngine: create PBFTEngine
info|2020-11-26 07:29:42.578258|[g:1][CONSENSUS][PBFT]Register handler for PBFTEngine
info|2020-11-26 07:29:42.578838|[g:1][CONSENSUS][PBFT]setMinBlockGenerationTime,minBlockGenerationTime=500,consensusTime=1000
info|2020-11-26 07:29:42.578861|[g:1][LEDGER][initEventLogFilterManager]initEventLogFilterManager SUCC
info|2020-11-26 07:29:42.578871|[LedgerInitializer init group succ],groupID=1
info|2020-11-26 07:29:42.579668|[INITIALIZER][RPCInitializer JsonrpcHttpServer started],jsonrpc_IP=127.0.0.1,jsonrpc_listen_port=8548,ipv6=false
info|2020-11-26 07:29:42.579693|[g:1][LEDGER]startAll...
info|2020-11-26 07:29:42.580568|[g:1][NodeTimeMaintenance]updateTimeInfo: update median time offset,updatedMedianTimeOffset=-3,peer=f1400d3a...,peerTime=1606375782577,peerOffset=-3,utcTime=1606375782580
info|2020-11-26 07:29:42.580826|[g:1][GossipBlockStatus]start GossipBlockStatus succ
info|2020-11-26 07:29:42.580852|[g:1][CONSENSUS][ConsensusEngine][Start ConsensusEngineBase]
info|2020-11-26 07:29:42.581349|[g:1][CONSENSUS][PBFT]^^^^^^^^Report,num=3,sealerIdx=2,hash=a02d3a4e...,next=4,tx=1,nodeIdx=0
info|2020-11-26 07:29:42.581736|[g:1][ROCKSDB]open rocksDB handler,path=data//group1/pbftMsgBackup/RocksDB
info|2020-11-26 07:29:42.584568|[g:1][NodeTimeMaintenance]updateTimeInfo: update median time offset,updatedMedianTimeOffset=-1,peer=493cb91b...,peerTime=1606375782584,peerOffset=0,utcTime=1606375782584
info|2020-11-26 07:29:42.596507|[NETWORK][Host]handshakeServer succ,remote endpoint=127.0.0.1:50724
info|2020-11-26 07:29:42.596559|[NETWORK][Host]startPeerSession, Remote=127.0.0.1:50724,local endpoint=127.0.0.1:30303,nodeID=25f14509...
info|2020-11-26 07:29:42.596627|[P2P][Service] Connection established,nodeID=25f14509...,endpoint=127.0.0.1:50724
info|2020-11-26 07:29:42.682155|[g:1][NodeTimeMaintenance]updateTimeInfo: update median time offset,updatedMedianTimeOffset=-2,peer=c4e9b518...,peerTime=1606375782680,peerOffset=-2,utcTime=1606375782682
info|2020-11-26 07:29:42.693959|[g:1][CONSENSUS][PBFT][PBFT init env successfully]
info|2020-11-26 07:29:42.693981|[g:1][CONSENSUS][PBFT][Start PBFTEngine...]
info|2020-11-26 07:29:42.693986|[g:1][CONSENSUS][SEALER][Start sealer module]
info|2020-11-26 07:29:42.694234|[g:1][EVENT][EventLogFilterManager]start,m_maxBlockRange=0,m_maxBlockPerLoopFilter=3
info|2020-11-26 07:29:42.732452|[g:1][NodeTimeMaintenance]updateTimeInfo: update median time offset,updatedMedianTimeOffset=-1,peer=25f14509...,peerTime=1606375782732,peerOffset=0,utcTime=1606375782732
info|2020-11-26 07:29:43.790281|[g:1][CONSENSUS]addRawPrepare,height=4,reqIdx=3,hash=0c6c621f...,time=0
info|2020-11-26 07:29:43.791170|[g:1][CONSENSUS][PBFT]checkTimeout Succ,view=0,toView=1,nodeIdx=0,changeCycle=1,myNode=022787d0...,timecost=0.786
info|2020-11-26 07:29:43.875885|[g:1][CONSENSUS][PBFT]checkAndChangeView: Reach consensus,org_view=0,cur_changeCycle=1,to_view=1
info|2020-11-26 07:29:44.881295|[g:1][CONSENSUS]addRawPrepare,height=4,reqIdx=4,hash=a3aabd07...,time=0
info|2020-11-26 07:29:44.881638|[g:1][CONSENSUS][PBFT]checkTimeout Succ,view=1,toView=2,nodeIdx=0,changeCycle=1,myNode=022787d0...,timecost=0.293
info|2020-11-26 07:29:44.883013|[g:1][CONSENSUS][PBFT]checkAndChangeView: Reach consensus,org_view=1,cur_changeCycle=1,to_view=2
info|2020-11-26 07:29:45.883091|[g:1][CONSENSUS][SEALER]++++++++++++++++ Generating seal on,blkNum=4,tx=0,nodeIdx=0,hash=123de240...
info|2020-11-26 07:29:45.884056|[g:1][CONSENSUS][PBFT]checkTimeout Succ,view=2,toView=3,nodeIdx=0,changeCycle=1,myNode=022787d0...,timecost=0.725
info|2020-11-26 07:29:45.887029|[g:1][CONSENSUS][PBFT]checkAndChangeView: Reach consensus,org_view=2,cur_changeCycle=1,to_view=3
info|2020-11-26 07:29:46.888761|[g:1][CONSENSUS]addRawPrepare,height=4,reqIdx=1,hash=3cde3999...,time=0
info|2020-11-26 07:29:46.889052|[g:1][CONSENSUS][PBFT]checkTimeout Succ,view=3,toView=4,nodeIdx=0,changeCycle=1,myNode=022787d0...,timecost=0.253
info|2020-11-26 07:29:46.890523|[g:1][CONSENSUS][PBFT]checkAndChangeView: Reach consensus,org_view=3,cur_changeCycle=1,to_view=4
info|2020-11-26 07:29:47.892828|[g:1][CONSENSUS]addRawPrepare,height=4,reqIdx=2,hash=30293f41...,time=0
info|2020-11-26 07:29:47.893106|[g:1][CONSENSUS][PBFT]checkTimeout Succ,view=4,toView=5,nodeIdx=0,changeCycle=1,myNode=022787d0...,timecost=0.238
info|2020-11-26 07:29:47.894387|[g:1][CONSENSUS][PBFT]checkAndChangeView: Reach consensus,org_view=4,cur_changeCycle=1,to_view=5
info|2020-11-26 07:29:48.898102|[g:1][CONSENSUS]addRawPrepare,height=4,reqIdx=3,hash=f7e83a69...,time=0
info|2020-11-26 07:29:48.898649|[g:1][CONSENSUS][PBFT]checkTimeout Succ,view=5,toView=6,nodeIdx=0,changeCycle=1,myNode=022787d0...,timecost=0.483
info|2020-11-26 07:29:48.900678|[g:1][CONSENSUS][PBFT]checkAndChangeView: Reach consensus,org_view=5,cur_changeCycle=1,to_view=6
info|2020-11-26 07:29:49.902981|[g:1][CONSENSUS]addRawPrepare,height=4,reqIdx=4,hash=1da70958...,time=0
info|2020-11-26 07:29:49.903782|[g:1][CONSENSUS][PBFT]checkTimeout Succ,view=6,toView=7,nodeIdx=0,changeCycle=1,myNode=022787d0...,timecost=0.727
info|2020-11-26 07:29:49.907166|[g:1][CONSENSUS][PBFT]checkAndChangeView: Reach consensus,org_view=6,cur_changeCycle=1,to_view=7
info|2020-11-26 07:29:50.907676|[g:1][CONSENSUS][SEALER]++++++++++++++++ Generating seal on,blkNum=4,tx=0,nodeIdx=0,hash=c118b962...
info|2020-11-26 07:29:50.908666|[g:1][CONSENSUS][PBFT]checkTimeout Succ,view=7,toView=8,nodeIdx=0,changeCycle=1,myNode=022787d0...,timecost=0.515
info|2020-11-26 07:29:50.911823|[g:1][CONSENSUS][PBFT]checkAndChangeView: Reach consensus,org_view=7,cur_changeCycle=1,to_view=8
info|2020-11-26 07:29:51.912935|[g:1][CONSENSUS]addRawPrepare,height=4,reqIdx=1,hash=6369996a...,time=0
info|2020-11-26 07:29:51.913540|[g:1][CONSENSUS][PBFT]checkTimeout Succ,view=8,toView=9,nodeIdx=0,changeCycle=1,myNode=022787d0...,timecost=0.545
info|2020-11-26 07:29:51.915567|[g:1][CONSENSUS][PBFT]checkAndChangeView: Reach consensus,org_view=8,cur_changeCycle=1,to_view=9
info|2020-11-26 07:29:52.279576|[NETWORK][Host]P2P Recv Connect, From=127.0.0.1:50756
info|2020-11-26 07:29:52.279656|[NETWORK][Host]P2P StartAccept,Host=0.0.0.0:30303
info|2020-11-26 07:29:52.282534|[NETWORK][Host]P2P Recv Connect, From=127.0.0.1:50764
info|2020-11-26 07:29:52.282584|[NETWORK][Host]P2P StartAccept,Host=0.0.0.0:30303
info|2020-11-26 07:29:52.290769|[NETWORK][Host]Connecting to node,endpoint=127.0.0.1:30301
info|2020-11-26 07:29:52.290880|[NETWORK][Host]Connecting to node,endpoint=127.0.0.1:30302
info|2020-11-26 07:29:52.290979|[P2P][Service] heartBeat,connected count=4
info|2020-11-26 07:29:52.291069|[NETWORK][ASIO]asyncResolveConnect,endpoint=127.0.0.1:30301
info|2020-11-26 07:29:52.291136|[NETWORK][ASIO]asyncResolveConnect,endpoint=127.0.0.1:30302
info|2020-11-26 07:29:52.384769|[NETWORK][Host]handshakeServer succ,remote endpoint=127.0.0.1:50756
info|2020-11-26 07:29:52.384817|[NETWORK][Host]startPeerSession, Remote=127.0.0.1:50756,local endpoint=127.0.0.1:30303,nodeID=493cb91b...
info|2020-11-26 07:29:52.384982|[NETWORK][Host]handshakeServer succ,remote endpoint=127.0.0.1:50764
info|2020-11-26 07:29:52.385011|[NETWORK][Host]startPeerSession, Remote=127.0.0.1:50764,local endpoint=127.0.0.1:30303,nodeID=f1400d3a...
info|2020-11-26 07:29:52.385245|[NETWORK][Host]handshakeClient succ,local endpoint=127.0.0.1:55098
info|2020-11-26 07:29:52.385278|[NETWORK][Host]startPeerSession, Remote=127.0.0.1:30301,local endpoint=127.0.0.1:55098,nodeID=c4e9b518...
info|2020-11-26 07:29:52.385460|[NETWORK][Host]handshakeClient succ,local endpoint=127.0.0.1:35442
info|2020-11-26 07:29:52.385490|[NETWORK][Host]startPeerSession, Remote=127.0.0.1:30302,local endpoint=127.0.0.1:35442,nodeID=25f14509...
info|2020-11-26 07:29:52.916833|[g:1][CONSENSUS]addRawPrepare,height=4,reqIdx=2,hash=986cb1fc...,time=0
info|2020-11-26 07:29:52.917429|[g:1][CONSENSUS][PBFT]checkTimeout Succ,view=9,toView=10,nodeIdx=0,changeCycle=1,myNode=022787d0...,timecost=0.531
info|2020-11-26 07:29:52.919451|[g:1][CONSENSUS][PBFT]checkAndChangeView: Reach consensus,org_view=9,cur_changeCycle=1,to_view=10
info|2020-11-26 07:29:53.921152|[g:1][CONSENSUS]addRawPrepare,height=4,reqIdx=3,hash=0e1fcb74...,time=0
info|2020-11-26 07:29:53.921767|[g:1][CONSENSUS][PBFT]checkTimeout Succ,view=10,toView=11,nodeIdx=0,changeCycle=1,myNode=022787d0...,timecost=0.531
info|2020-11-26 07:29:53.923827|[g:1][CONSENSUS][PBFT]checkAndChangeView: Reach consensus,org_view=10,cur_changeCycle=1,to_view=11
info|2020-11-26 07:29:54.925756|[g:1][CONSENSUS]addRawPrepare,height=4,reqIdx=4,hash=7af69141...,time=0
info|2020-11-26 07:29:54.926294|[g:1][CONSENSUS][PBFT]checkTimeout Succ,view=11,toView=12,nodeIdx=0,changeCycle=1,myNode=022787d0...,timecost=0.479
info|2020-11-26 07:29:54.928309|[g:1][CONSENSUS][PBFT]checkAndChangeView: Reach consensus,org_view=11,cur_changeCycle=1,to_view=12
info|2020-11-26 07:29:55.928517|[g:1][CONSENSUS][SEALER]++++++++++++++++ Generating seal on,blkNum=4,tx=0,nodeIdx=0,hash=ac7d857b...
info|2020-11-26 07:29:55.929309|[g:1][CONSENSUS][PBFT]checkTimeout Succ,view=12,toView=13,nodeIdx=0,changeCycle=1,myNode=022787d0...,timecost=0.507
info|2020-11-26 07:29:55.932431|[g:1][CONSENSUS][PBFT]checkAndChangeView: Reach consensus,org_view=12,cur_changeCycle=1,to_view=13
info|2020-11-26 07:29:56.933991|[g:1][CONSENSUS]addRawPrepare,height=4,reqIdx=1,hash=016b5693...,time=1
info|2020-11-26 07:29:56.934596|[g:1][CONSENSUS][PBFT]checkTimeout Succ,view=13,toView=14,nodeIdx=0,changeCycle=1,myNode=022787d0...,timecost=0.519
info|2020-11-26 07:29:56.936604|[g:1][CONSENSUS][PBFT]checkAndChangeView: Reach consensus,org_view=13,cur_changeCycle=1,to_view=14
info|2020-11-26 07:29:57.937691|[g:1][CONSENSUS]addRawPrepare,height=4,reqIdx=2,hash=cfa6fa1c...,time=0
info|2020-11-26 07:29:57.938226|[g:1][CONSENSUS][PBFT]checkTimeout Succ,view=14,toView=15,nodeIdx=0,changeCycle=1,myNode=022787d0...,timecost=0.476
info|2020-11-26 07:29:57.940385|[g:1][CONSENSUS][PBFT]checkAndChangeView: Reach consensus,org_view=14,cur_changeCycle=1,to_view=15
info|2020-11-26 07:29:58.942406|[g:1][CONSENSUS]addRawPrepare,height=4,reqIdx=3,hash=207df0d1...,time=0
info|2020-11-26 07:29:58.942954|[g:1][CONSENSUS][PBFT]checkTimeout Succ,view=15,toView=16,nodeIdx=0,changeCycle=1,myNode=022787d0...,timecost=0.493
info|2020-11-26 07:29:58.944941|[g:1][CONSENSUS][PBFT]checkAndChangeView: Reach consensus,org_view=15,cur_changeCycle=1,to_view=16
info|2020-11-26 07:29:59.947280|[g:1][CONSENSUS]addRawPrepare,height=4,reqIdx=4,hash=a4010e7e...,time=0
info|2020-11-26 07:29:59.947852|[g:1][CONSENSUS][PBFT]checkTimeout Succ,view=16,toView=17,nodeIdx=0,changeCycle=1,myNode=022787d0...,timecost=0.509
info|2020-11-26 07:29:59.949915|[g:1][CONSENSUS][PBFT]checkAndChangeView: Reach consensus,org_view=16,cur_changeCycle=1,to_view=17
info|2020-11-26 07:30:00.950385|[g:1][CONSENSUS][SEALER]++++++++++++++++ Generating seal on,blkNum=4,tx=0,nodeIdx=0,hash=9e22729e...
info|2020-11-26 07:30:00.951361|[g:1][CONSENSUS][PBFT]checkTimeout Succ,view=17,toView=18,nodeIdx=0,changeCycle=1,myNode=022787d0...,timecost=0.494
info|2020-11-26 07:30:00.954477|[g:1][CONSENSUS][PBFT]checkAndChangeView: Reach consensus,org_view=17,cur_changeCycle=1,to_view=18
info|2020-11-26 07:30:01.955557|[g:1][CONSENSUS]addRawPrepare,height=4,reqIdx=1,hash=f05e9dfa...,time=0
info|2020-11-26 07:30:01.956148|[g:1][CONSENSUS][PBFT]checkTimeout Succ,view=18,toView=19,nodeIdx=0,changeCycle=1,myNode=022787d0...,timecost=0.51
info|2020-11-26 07:30:01.958228|[g:1][CONSENSUS][PBFT]checkAndChangeView: Reach consensus,org_view=18,cur_changeCycle=1,to_view=19
info|2020-11-26 07:30:02.291035|[P2P][Service] heartBeat,connected count=4
info|2020-11-26 07:30:02.958612|[g:1][CONSENSUS]addRawPrepare,height=4,reqIdx=2,hash=132067d7...,time=0
info|2020-11-26 07:30:02.959234|[g:1][CONSENSUS][PBFT]checkTimeout Succ,view=19,toView=20,nodeIdx=0,changeCycle=1,myNode=022787d0...,timecost=0.561
info|2020-11-26 07:30:02.961248|[g:1][CONSENSUS][PBFT]checkAndChangeView: Reach consensus,org_view=19,cur_changeCycle=1,to_view=20
info|2020-11-26 07:30:03.963351|[g:1][CONSENSUS]addRawPrepare,height=4,reqIdx=3,hash=2b191233...,time=0
info|2020-11-26 07:30:03.964014|[g:1][CONSENSUS][PBFT]checkTimeout Succ,view=20,toView=21,nodeIdx=0,changeCycle=1,myNode=022787d0...,timecost=0.591
info|2020-11-26 07:30:03.966075|[g:1][CONSENSUS][PBFT]checkAndChangeView: Reach consensus,org_view=20,cur_changeCycle=1,to_view=21
info|2020-11-26 07:30:04.968426|[g:1][CONSENSUS]addRawPrepare,height=4,reqIdx=4,hash=635e9fa6...,time=0
info|2020-11-26 07:30:04.968949|[g:1][CONSENSUS][PBFT]checkTimeout Succ,view=21,toView=22,nodeIdx=0,changeCycle=1,myNode=022787d0...,timecost=0.463
info|2020-11-26 07:30:04.970929|[g:1][CONSENSUS][PBFT]checkAndChangeView: Reach consensus,org_view=21,cur_changeCycle=1,to_view=22
info|2020-11-26 07:30:05.971669|[g:1][CONSENSUS][SEALER]++++++++++++++++ Generating seal on,blkNum=4,tx=0,nodeIdx=0,hash=089ab0d1...
info|2020-11-26 07:30:05.972758|[g:1][CONSENSUS][PBFT]checkTimeout Succ,view=22,toView=23,nodeIdx=0,changeCycle=1,myNode=022787d0...,timecost=0.518
info|2020-11-26 07:30:05.975759|[g:1][CONSENSUS][PBFT]checkAndChangeView: Reach consensus,org_view=22,cur_changeCycle=1,to_view=23
info|2020-11-26 07:30:06.977262|[g:1][CONSENSUS]addRawPrepare,height=4,reqIdx=1,hash=1aaf7271...,time=0
info|2020-11-26 07:30:06.977857|[g:1][CONSENSUS][PBFT]checkTimeout Succ,view=23,toView=24,nodeIdx=0,changeCycle=1,myNode=022787d0...,timecost=0.518
info|2020-11-26 07:30:06.979911|[g:1][CONSENSUS][PBFT]checkAndChangeView: Reach consensus,org_view=23,cur_changeCycle=1,to_view=24
info|2020-11-26 07:30:07.981951|[g:1][CONSENSUS]addRawPrepare,height=4,reqIdx=2,hash=0b47fafb...,time=0
info|2020-11-26 07:30:07.982541|[g:1][CONSENSUS][PBFT]checkTimeout Succ,view=24,toView=25,nodeIdx=0,changeCycle=1,myNode=022787d0...,timecost=0.533
info|2020-11-26 07:30:07.984561|[g:1][CONSENSUS][PBFT]checkAndChangeView: Reach consensus,org_view=24,cur_changeCycle=1,to_view=25
info|2020-11-26 07:30:08.985763|[g:1][CONSENSUS]addRawPrepare,height=4,reqIdx=3,hash=cb323342...,time=0
info|2020-11-26 07:30:08.986325|[g:1][CONSENSUS][PBFT]checkTimeout Succ,view=25,toView=26,nodeIdx=0,changeCycle=1,myNode=022787d0...,timecost=0.498
info|2020-11-26 07:30:08.988434|[g:1][CONSENSUS][PBFT]checkAndChangeView: Reach consensus,org_view=25,cur_changeCycle=1,to_view=26
info|2020-11-26 07:30:09.989518|[g:1][CONSENSUS]addRawPrepare,height=4,reqIdx=4,hash=fe100459...,time=0
info|2020-11-26 07:30:09.990049|[g:1][CONSENSUS][PBFT]checkTimeout Succ,view=26,toView=27,nodeIdx=0,changeCycle=1,myNode=022787d0...,timecost=0.476
info|2020-11-26 07:30:09.992041|[g:1][CONSENSUS][PBFT]checkAndChangeView: Reach consensus,org_view=26,cur_changeCycle=1,to_view=27
info|2020-11-26 07:30:10.992806|[g:1][CONSENSUS][SEALER]++++++++++++++++ Generating seal on,blkNum=4,tx=0,nodeIdx=0,hash=dab3dda1...
info|2020-11-26 07:30:10.993869|[g:1][CONSENSUS][PBFT]checkTimeout Succ,view=27,toView=28,nodeIdx=0,changeCycle=1,myNode=022787d0...,timecost=0.521
info|2020-11-26 07:30:10.996984|[g:1][CONSENSUS][PBFT]checkAndChangeView: Reach consensus,org_view=27,cur_changeCycle=1,to_view=28
info|2020-11-26 07:30:11.998620|[g:1][CONSENSUS]addRawPrepare,height=4,reqIdx=1,hash=81175a3d...,time=0
info|2020-11-26 07:30:11.999153|[g:1][CONSENSUS][PBFT]checkTimeout Succ,view=28,toView=29,nodeIdx=0,changeCycle=1,myNode=022787d0...,timecost=0.47
info|2020-11-26 07:30:12.001192|[g:1][CONSENSUS][PBFT]checkAndChangeView: Reach consensus,org_view=28,cur_changeCycle=1,to_view=29
info|2020-11-26 07:30:12.291118|[P2P][Service] heartBeat,connected count=4
info|2020-11-26 07:30:13.003048|[g:1][CONSENSUS]addRawPrepare,height=4,reqIdx=2,hash=5084b2db...,time=0
info|2020-11-26 07:30:13.003603|[g:1][CONSENSUS][PBFT]checkTimeout Succ,view=29,toView=30,nodeIdx=0,changeCycle=1,myNode=022787d0...,timecost=0.494
info|2020-11-26 07:30:13.005582|[g:1][CONSENSUS][PBFT]checkAndChangeView: Reach consensus,org_view=29,cur_changeCycle=1,to_view=30
info|2020-11-26 07:30:14.007258|[g:1][CONSENSUS]addRawPrepare,height=4,reqIdx=3,hash=70a7da81...,time=0
info|2020-11-26 07:30:14.007832|[g:1][CONSENSUS][PBFT]checkTimeout Succ,view=30,toView=31,nodeIdx=0,changeCycle=1,myNode=022787d0...,timecost=0.516
info|2020-11-26 07:30:14.009846|[g:1][CONSENSUS][PBFT]checkAndChangeView: Reach consensus,org_view=30,cur_changeCycle=1,to_view=31
info|2020-11-26 07:30:15.011560|[g:1][CONSENSUS]addRawPrepare,height=4,reqIdx=4,hash=28c7a235...,time=0
info|2020-11-26 07:30:15.012090|[g:1][CONSENSUS][PBFT]checkTimeout Succ,view=31,toView=32,nodeIdx=0,changeCycle=1,myNode=022787d0...,timecost=0.469
info|2020-11-26 07:30:15.015487|[g:1][CONSENSUS][PBFT]checkAndChangeView: Reach consensus,org_view=31,cur_changeCycle=1,to_view=32
info|2020-11-26 07:30:16.014950|[g:1][CONSENSUS][SEALER]++++++++++++++++ Generating seal on,blkNum=4,tx=0,nodeIdx=0,hash=6b9835f3...
info|2020-11-26 07:30:16.015999|[g:1][CONSENSUS][PBFT]checkTimeout Succ,view=32,toView=33,nodeIdx=0,changeCycle=1,myNode=022787d0...,timecost=0.53
info|2020-11-26 07:30:16.020500|[g:1][CONSENSUS][PBFT]checkAndChangeView: Reach consensus,org_view=32,cur_changeCycle=1,to_view=33
info|2020-11-26 07:30:17.021579|[g:1][CONSENSUS]addRawPrepare,height=4,reqIdx=1,hash=2db18aa3...,time=0
info|2020-11-26 07:30:17.022135|[g:1][CONSENSUS][PBFT]checkTimeout Succ,view=33,toView=34,nodeIdx=0,changeCycle=1,myNode=022787d0...,timecost=0.494
info|2020-11-26 07:30:17.024207|[g:1][CONSENSUS][PBFT]checkAndChangeView: Reach consensus,org_view=33,cur_changeCycle=1,to_view=34
info|2020-11-26 07:30:18.025725|[g:1][CONSENSUS]addRawPrepare,height=4,reqIdx=2,hash=7fd8af7b...,time=0
info|2020-11-26 07:30:18.026269|[g:1][CONSENSUS][PBFT]checkTimeout Succ,view=34,toView=35,nodeIdx=0,changeCycle=1,myNode=022787d0...,timecost=0.489
info|2020-11-26 07:30:18.028354|[g:1][CONSENSUS][PBFT]checkAndChangeView: Reach consensus,org_view=34,cur_changeCycle=1,to_view=35
info|2020-11-26 07:30:19.029638|[g:1][CONSENSUS]addRawPrepare,height=4,reqIdx=3,hash=0d9f00bd...,time=0
info|2020-11-26 07:30:19.030183|[g:1][CONSENSUS][PBFT]checkTimeout Succ,view=35,toView=36,nodeIdx=0,changeCycle=1,myNode=022787d0...,timecost=0.49
info|2020-11-26 07:30:19.032273|[g:1][CONSENSUS][PBFT]checkAndChangeView: Reach consensus,org_view=35,cur_changeCycle=1,to_view=36
info|2020-11-26 07:30:20.034082|[g:1][CONSENSUS]addRawPrepare,height=4,reqIdx=4,hash=d8e7b06c...,time=0
info|2020-11-26 07:30:20.034648|[g:1][CONSENSUS][PBFT]checkTimeout Succ,view=36,toView=37,nodeIdx=0,changeCycle=1,myNode=022787d0...,timecost=0.508
info|2020-11-26 07:30:20.036804|[g:1][CONSENSUS][PBFT]checkAndChangeView: Reach consensus,org_view=36,cur_changeCycle=1,to_view=37
info|2020-11-26 07:30:21.037397|[g:1][CONSENSUS][SEALER]++++++++++++++++ Generating seal on,blkNum=4,tx=0,nodeIdx=0,hash=d6737a78...
info|2020-11-26 07:30:21.038425|[g:1][CONSENSUS][PBFT]checkTimeout Succ,view=37,toView=38,nodeIdx=0,changeCycle=1,myNode=022787d0...,timecost=0.518
info|2020-11-26 07:30:21.041489|[g:1][CONSENSUS][PBFT]checkAndChangeView: Reach consensus,org_view=37,cur_changeCycle=1,to_view=38
info|2020-11-26 07:30:22.043064|[g:1][CONSENSUS]addRawPrepare,height=4,reqIdx=1,hash=859bfc9b...,time=0
info|2020-11-26 07:30:22.043619|[g:1][CONSENSUS][PBFT]checkTimeout Succ,view=38,toView=39,nodeIdx=0,changeCycle=1,myNode=022787d0...,timecost=0.492
info|2020-11-26 07:30:22.045616|[g:1][CONSENSUS][PBFT]checkAndChangeView: Reach consensus,org_view=38,cur_changeCycle=1,to_view=39
info|2020-11-26 07:30:22.291184|[P2P][Service] heartBeat,connected count=4
info|2020-11-26 07:30:23.047000|[g:1][CONSENSUS]addRawPrepare,height=4,reqIdx=2,hash=6bc74e58...,time=1
info|2020-11-26 07:30:23.047568|[g:1][CONSENSUS][PBFT]checkTimeout Succ,view=39,toView=40,nodeIdx=0,changeCycle=1,myNode=022787d0...,timecost=0.506
info|2020-11-26 07:30:23.049577|[g:1][CONSENSUS][PBFT]checkAndChangeView: Reach consensus,org_view=39,cur_changeCycle=1,to_view=40
info|2020-11-26 07:30:24.051202|[g:1][CONSENSUS]addRawPrepare,height=4,reqIdx=3,hash=249e00bf...,time=0
info|2020-11-26 07:30:24.051760|[g:1][CONSENSUS][PBFT]checkTimeout Succ,view=40,toView=41,nodeIdx=0,changeCycle=1,myNode=022787d0...,timecost=0.5
info|2020-11-26 07:30:24.053727|[g:1][CONSENSUS][PBFT]checkAndChangeView: Reach consensus,org_view=40,cur_changeCycle=1,to_view=41
info|2020-11-26 07:30:25.055736|[g:1][CONSENSUS]addRawPrepare,height=4,reqIdx=4,hash=75aa2a4a...,time=0
info|2020-11-26 07:30:25.056576|[g:1][CONSENSUS][PBFT]checkTimeout Succ,view=41,toView=42,nodeIdx=0,changeCycle=1,myNode=022787d0...,timecost=0.761
info|2020-11-26 07:30:25.059939|[g:1][CONSENSUS][PBFT]checkAndChangeView: Reach consensus,org_view=41,cur_changeCycle=1,to_view=42
info|2020-11-26 07:30:26.060416|[g:1][CONSENSUS][SEALER]++++++++++++++++ Generating seal on,blkNum=4,tx=0,nodeIdx=0,hash=bb770c2e...
info|2020-11-26 07:30:26.061471|[g:1][CONSENSUS][PBFT]checkTimeout Succ,view=42,toView=43,nodeIdx=0,changeCycle=1,myNode=022787d0...,timecost=0.571
info|2020-11-26 07:30:26.065392|[g:1][CONSENSUS][PBFT]checkAndChangeView: Reach consensus,org_view=42,cur_changeCycle=1,to_view=43
info|2020-11-26 07:30:27.065964|[g:1][CONSENSUS]addRawPrepare,height=4,reqIdx=1,hash=115af4dd...,time=0
info|2020-11-26 07:30:27.066814|[g:1][CONSENSUS][PBFT]checkTimeout Succ,view=43,toView=44,nodeIdx=0,changeCycle=1,myNode=022787d0...,timecost=0.763
info|2020-11-26 07:30:27.070234|[g:1][CONSENSUS][PBFT]checkAndChangeView: Reach consensus,org_view=43,cur_changeCycle=1,to_view=44
info|2020-11-26 07:30:28.072008|[g:1][CONSENSUS]addRawPrepare,height=4,reqIdx=2,hash=d82d2d79...,time=1
info|2020-11-26 07:30:28.072573|[g:1][CONSENSUS][PBFT]checkTimeout Succ,view=44,toView=45,nodeIdx=0,changeCycle=1,myNode=022787d0...,timecost=0.505
info|2020-11-26 07:30:28.074549|[g:1][CONSENSUS][PBFT]checkAndChangeView: Reach consensus,org_view=44,cur_changeCycle=1,to_view=45
info|2020-11-26 07:30:29.077513|[g:1][CONSENSUS]addRawPrepare,height=4,reqIdx=3,hash=b0864472...,time=0
info|2020-11-26 07:30:29.078043|[g:1][CONSENSUS][PBFT]checkTimeout Succ,view=45,toView=46,nodeIdx=0,changeCycle=1,myNode=022787d0...,timecost=0.473
info|2020-11-26 07:30:29.080037|[g:1][CONSENSUS][PBFT]checkAndChangeView: Reach consensus,org_view=45,cur_changeCycle=1,to_view=46
info|2020-11-26 07:30:30.082088|[g:1][CONSENSUS]addRawPrepare,height=4,reqIdx=4,hash=94060a32...,time=0
info|2020-11-26 07:30:30.082652|[g:1][CONSENSUS][PBFT]checkTimeout Succ,view=46,toView=47,nodeIdx=0,changeCycle=1,myNode=022787d0...,timecost=0.498
info|2020-11-26 07:30:30.084659|[g:1][CONSENSUS][PBFT]checkAndChangeView: Reach consensus,org_view=46,cur_changeCycle=1,to_view=47
info|2020-11-26 07:30:31.083928|[g:1][CONSENSUS][SEALER]++++++++++++++++ Generating seal on,blkNum=4,tx=0,nodeIdx=0,hash=2c9ff03a...
info|2020-11-26 07:30:31.084954|[g:1][CONSENSUS][PBFT]checkTimeout Succ,view=47,toView=48,nodeIdx=0,changeCycle=1,myNode=022787d0...,timecost=0.529
info|2020-11-26 07:30:31.088291|[g:1][CONSENSUS][PBFT]checkAndChangeView: Reach consensus,org_view=47,cur_changeCycle=1,to_view=48
info|2020-11-26 07:30:32.090299|[g:1][CONSENSUS]addRawPrepare,height=4,reqIdx=1,hash=e754987d...,time=0
info|2020-11-26 07:30:32.090895|[g:1][CONSENSUS][PBFT]checkTimeout Succ,view=48,toView=49,nodeIdx=0,changeCycle=1,myNode=022787d0...,timecost=0.535
info|2020-11-26 07:30:32.092977|[g:1][CONSENSUS][PBFT]checkAndChangeView: Reach consensus,org_view=48,cur_changeCycle=1,to_view=49
info|2020-11-26 07:30:32.291249|[P2P][Service] heartBeat,connected count=4
info|2020-11-26 07:30:33.094902|[g:1][CONSENSUS]addRawPrepare,height=4,reqIdx=2,hash=7d86da60...,time=0
info|2020-11-26 07:30:33.095458|[g:1][CONSENSUS][PBFT]checkTimeout Succ,view=49,toView=50,nodeIdx=0,changeCycle=1,myNode=022787d0...,timecost=0.49
info|2020-11-26 07:30:33.097614|[g:1][CONSENSUS][PBFT]checkAndChangeView: Reach consensus,org_view=49,cur_changeCycle=1,to_view=50
info|2020-11-26 07:30:34.099495|[g:1][CONSENSUS]addRawPrepare,height=4,reqIdx=3,hash=d5832bde...,time=0
info|2020-11-26 07:30:34.100071|[g:1][CONSENSUS][PBFT]checkTimeout Succ,view=50,toView=51,nodeIdx=0,changeCycle=1,myNode=022787d0...,timecost=0.492
info|2020-11-26 07:30:34.102117|[g:1][CONSENSUS][PBFT]checkAndChangeView: Reach consensus,org_view=50,cur_changeCycle=1,to_view=51
info|2020-11-26 07:30:35.103734|[g:1][CONSENSUS]addRawPrepare,height=4,reqIdx=4,hash=040e6eaa...,time=0
info|2020-11-26 07:30:35.104292|[g:1][CONSENSUS][PBFT]checkTimeout Succ,view=51,toView=52,nodeIdx=0,changeCycle=1,myNode=022787d0...,timecost=0.493
info|2020-11-26 07:30:35.106430|[g:1][CONSENSUS][PBFT]checkAndChangeView: Reach consensus,org_view=51,cur_changeCycle=1,to_view=52
info|2020-11-26 07:30:36.106850|[g:1][CONSENSUS][SEALER]++++++++++++++++ Generating seal on,blkNum=4,tx=0,nodeIdx=0,hash=9d5af86c...
info|2020-11-26 07:30:36.107843|[g:1][CONSENSUS][PBFT]checkTimeout Succ,view=52,toView=53,nodeIdx=0,changeCycle=1,myNode=022787d0...,timecost=0.529
info|2020-11-26 07:30:36.110958|[g:1][CONSENSUS][PBFT]checkAndChangeView: Reach consensus,org_view=52,cur_changeCycle=1,to_view=53
info|2020-11-26 07:30:37.112835|[g:1][CONSENSUS]addRawPrepare,height=4,reqIdx=1,hash=6f4120dd...,time=0
info|2020-11-26 07:30:37.113383|[g:1][CONSENSUS][PBFT]checkTimeout Succ,view=53,toView=54,nodeIdx=0,changeCycle=1,myNode=022787d0...,timecost=0.484
info|2020-11-26 07:30:37.115402|[g:1][CONSENSUS][PBFT]checkAndChangeView: Reach consensus,org_view=53,cur_changeCycle=1,to_view=54
info|2020-11-26 07:30:38.116524|[g:1][CONSENSUS]addRawPrepare,height=4,reqIdx=2,hash=10f86542...,time=0
info|2020-11-26 07:30:38.117091|[g:1][CONSENSUS][PBFT]checkTimeout Succ,view=54,toView=55,nodeIdx=0,changeCycle=1,myNode=022787d0...,timecost=0.492
info|2020-11-26 07:30:38.119095|[g:1][CONSENSUS][PBFT]checkAndChangeView: Reach consensus,org_view=54,cur_changeCycle=1,to_view=55
info|2020-11-26 07:30:39.121962|[g:1][CONSENSUS]addRawPrepare,height=4,reqIdx=3,hash=863d004a...,time=0
info|2020-11-26 07:30:39.122512|[g:1][CONSENSUS][PBFT]checkTimeout Succ,view=55,toView=56,nodeIdx=0,changeCycle=1,myNode=022787d0...,timecost=0.485
info|2020-11-26 07:30:39.124523|[g:1][CONSENSUS][PBFT]checkAndChangeView: Reach consensus,org_view=55,cur_changeCycle=1,to_view=56
info|2020-11-26 07:30:40.126388|[g:1][CONSENSUS]addRawPrepare,height=4,reqIdx=4,hash=987b7f0f...,time=0
info|2020-11-26 07:30:40.126970|[g:1][CONSENSUS][PBFT]checkTimeout Succ,view=56,toView=57,nodeIdx=0,changeCycle=1,myNode=022787d0...,timecost=0.524
info|2020-11-26 07:30:40.129126|[g:1][CONSENSUS][PBFT]checkAndChangeView: Reach consensus,org_view=56,cur_changeCycle=1,to_view=57
info|2020-11-26 07:30:41.129555|[g:1][CONSENSUS][SEALER]++++++++++++++++ Generating seal on,blkNum=4,tx=0,nodeIdx=0,hash=ce5b74de...
info|2020-11-26 07:30:41.130623|[g:1][CONSENSUS][PBFT]checkTimeout Succ,view=57,toView=58,nodeIdx=0,changeCycle=1,myNode=022787d0...,timecost=0.542
info|2020-11-26 07:30:41.133868|[g:1][CONSENSUS][PBFT]checkAndChangeView: Reach consensus,org_view=57,cur_changeCycle=1,to_view=58
info|2020-11-26 07:30:42.134544|[g:1][CONSENSUS]addRawPrepare,height=4,reqIdx=1,hash=a09e992c...,time=0
info|2020-11-26 07:30:42.135111|[g:1][CONSENSUS][PBFT]checkTimeout Succ,view=58,toView=59,nodeIdx=0,changeCycle=1,myNode=022787d0...,timecost=0.497
info|2020-11-26 07:30:42.137200|[g:1][CONSENSUS][PBFT]checkAndChangeView: Reach consensus,org_view=58,cur_changeCycle=1,to_view=59
info|2020-11-26 07:30:42.291316|[P2P][Service] heartBeat,connected count=4
info|2020-11-26 07:30:43.138565|[g:1][CONSENSUS]addRawPrepare,height=4,reqIdx=2,hash=403c8792...,time=0
info|2020-11-26 07:30:43.139190|[g:1][CONSENSUS][PBFT]checkTimeout Succ,view=59,toView=60,nodeIdx=0,changeCycle=1,myNode=022787d0...,timecost=0.561
info|2020-11-26 07:30:43.141296|[g:1][CONSENSUS][PBFT]checkAndChangeView: Reach consensus,org_view=59,cur_changeCycle=1,to_view=60
info|2020-11-26 07:30:44.143333|[g:1][CONSENSUS]addRawPrepare,height=4,reqIdx=3,hash=f2328c7a...,time=0
info|2020-11-26 07:30:44.144198|[g:1][CONSENSUS][PBFT]checkTimeout Succ,view=60,toView=61,nodeIdx=0,changeCycle=1,myNode=022787d0...,timecost=0.784
info|2020-11-26 07:30:44.147600|[g:1][CONSENSUS][PBFT]checkAndChangeView: Reach consensus,org_view=60,cur_changeCycle=1,to_view=61
info|2020-11-26 07:30:45.147259|[g:1][CONSENSUS]addRawPrepare,height=4,reqIdx=4,hash=8b270330...,time=0
info|2020-11-26 07:30:45.148114|[g:1][CONSENSUS][PBFT]checkTimeout Succ,view=61,toView=62,nodeIdx=0,changeCycle=1,myNode=022787d0...,timecost=0.774
info|2020-11-26 07:30:45.151494|[g:1][CONSENSUS][PBFT]checkAndChangeView: Reach consensus,org_view=61,cur_changeCycle=1,to_view=62
info|2020-11-26 07:30:46.151634|[g:1][CONSENSUS][SEALER]++++++++++++++++ Generating seal on,blkNum=4,tx=0,nodeIdx=0,hash=24fd449a...
info|2020-11-26 07:30:46.152631|[g:1][CONSENSUS][PBFT]checkTimeout Succ,view=62,toView=63,nodeIdx=0,changeCycle=1,myNode=022787d0...,timecost=0.544
info|2020-11-26 07:30:46.157114|[g:1][CONSENSUS][PBFT]checkAndChangeView: Reach consensus,org_view=62,cur_changeCycle=1,to_view=63
info|2020-11-26 07:30:47.157159|[g:1][CONSENSUS]addRawPrepare,height=4,reqIdx=1,hash=25bf2aec...,time=0
info|2020-11-26 07:30:47.157991|[g:1][CONSENSUS][PBFT]checkTimeout Succ,view=63,toView=64,nodeIdx=0,changeCycle=1,myNode=022787d0...,timecost=0.75
info|2020-11-26 07:30:47.161396|[g:1][CONSENSUS][PBFT]checkAndChangeView: Reach consensus,org_view=63,cur_changeCycle=1,to_view=64
info|2020-11-26 07:30:48.163309|[g:1][CONSENSUS]addRawPrepare,height=4,reqIdx=2,hash=cfcef1c1...,time=0
info|2020-11-26 07:30:48.163879|[g:1][CONSENSUS][PBFT]checkTimeout Succ,view=64,toView=65,nodeIdx=0,changeCycle=1,myNode=022787d0...,timecost=0.501
info|2020-11-26 07:30:48.165879|[g:1][CONSENSUS][PBFT]checkAndChangeView: Reach consensus,org_view=64,cur_changeCycle=1,to_view=65
info|2020-11-26 07:30:49.168509|[g:1][CONSENSUS]addRawPrepare,height=4,reqIdx=3,hash=b40425da...,time=0
info|2020-11-26 07:30:49.169054|[g:1][CONSENSUS][PBFT]checkTimeout Succ,view=65,toView=66,nodeIdx=0,changeCycle=1,myNode=022787d0...,timecost=0.481
info|2020-11-26 07:30:49.171126|[g:1][CONSENSUS][PBFT]checkAndChangeView: Reach consensus,org_view=65,cur_changeCycle=1,to_view=66
info|2020-11-26 07:30:50.173088|[g:1][CONSENSUS]addRawPrepare,height=4,reqIdx=4,hash=89d4f11f...,time=0
info|2020-11-26 07:30:50.173647|[g:1][CONSENSUS][PBFT]checkTimeout Succ,view=66,toView=67,nodeIdx=0,changeCycle=1,myNode=022787d0...,timecost=0.504
info|2020-11-26 07:30:50.175743|[g:1][CONSENSUS][PBFT]checkAndChangeView: Reach consensus,org_view=66,cur_changeCycle=1,to_view=67
info|2020-11-26 07:30:51.176024|[g:1][CONSENSUS][SEALER]++++++++++++++++ Generating seal on,blkNum=4,tx=0,nodeIdx=0,hash=d816c16a...
info|2020-11-26 07:30:51.177047|[g:1][CONSENSUS][PBFT]checkTimeout Succ,view=67,toView=68,nodeIdx=0,changeCycle=1,myNode=022787d0...,timecost=0.554
info|2020-11-26 07:30:51.180045|[g:1][CONSENSUS][PBFT]checkAndChangeView: Reach consensus,org_view=67,cur_changeCycle=1,to_view=68
info|2020-11-26 07:30:52.182068|[g:1][CONSENSUS]addRawPrepare,height=4,reqIdx=1,hash=dd5aa933...,time=0
info|2020-11-26 07:30:52.182611|[g:1][CONSENSUS][PBFT]checkTimeout Succ,view=68,toView=69,nodeIdx=0,changeCycle=1,myNode=022787d0...,timecost=0.48
info|2020-11-26 07:30:52.184665|[g:1][CONSENSUS][PBFT]checkAndChangeView: Reach consensus,org_view=68,cur_changeCycle=1,to_view=69
info|2020-11-26 07:30:52.291380|[P2P][Service] heartBeat,connected count=4
info|2020-11-26 07:30:53.185794|[g:1][CONSENSUS]addRawPrepare,height=4,reqIdx=2,hash=869e6082...,time=0
info|2020-11-26 07:30:53.186329|[g:1][CONSENSUS][PBFT]checkTimeout Succ,view=69,toView=70,nodeIdx=0,changeCycle=1,myNode=022787d0...,timecost=0.473
info|2020-11-26 07:30:53.188391|[g:1][CONSENSUS][PBFT]checkAndChangeView: Reach consensus,org_view=69,cur_changeCycle=1,to_view=70
info|2020-11-26 07:30:54.190122|[g:1][CONSENSUS]addRawPrepare,height=4,reqIdx=3,hash=de4e4c9c...,time=0
info|2020-11-26 07:30:54.190697|[g:1][CONSENSUS][PBFT]checkTimeout Succ,view=70,toView=71,nodeIdx=0,changeCycle=1,myNode=022787d0...,timecost=0.512
info|2020-11-26 07:30:54.192735|[g:1][CONSENSUS][PBFT]checkAndChangeView: Reach consensus,org_view=70,cur_changeCycle=1,to_view=71
info|2020-11-26 07:30:55.194458|[g:1][CONSENSUS]addRawPrepare,height=4,reqIdx=4,hash=9f354671...,time=0
info|2020-11-26 07:30:55.195007|[g:1][CONSENSUS][PBFT]checkTimeout Succ,view=71,toView=72,nodeIdx=0,changeCycle=1,myNode=022787d0...,timecost=0.494
info|2020-11-26 07:30:55.197024|[g:1][CONSENSUS][PBFT]checkAndChangeView: Reach consensus,org_view=71,cur_changeCycle=1,to_view=72
info|2020-11-26 07:30:56.197142|[g:1][CONSENSUS][SEALER]++++++++++++++++ Generating seal on,blkNum=4,tx=0,nodeIdx=0,hash=61834d6f...
info|2020-11-26 07:30:56.198015|[g:1][CONSENSUS][PBFT]checkTimeout Succ,view=72,toView=73,nodeIdx=0,changeCycle=1,myNode=022787d0...,timecost=0.568
info|2020-11-26 07:30:56.201198|[g:1][CONSENSUS][PBFT]checkAndChangeView: Reach consensus,org_view=72,cur_changeCycle=1,to_view=73
info|2020-11-26 07:30:57.202991|[g:1][CONSENSUS]addRawPrepare,height=4,reqIdx=1,hash=a1abe6a0...,time=1
info|2020-11-26 07:30:57.203551|[g:1][CONSENSUS][PBFT]checkTimeout Succ,view=73,toView=74,nodeIdx=0,changeCycle=1,myNode=022787d0...,timecost=0.494
info|2020-11-26 07:30:57.205562|[g:1][CONSENSUS][PBFT]checkAndChangeView: Reach consensus,org_view=73,cur_changeCycle=1,to_view=74
info|2020-11-26 07:30:57.555550|[LEDGER]stop sealer,groupID=1
info|2020-11-26 07:30:57.555577|[CONSENSUS][SEALER]Stop sealer module...
info|2020-11-26 07:30:57.556318|[CONSENSUS][ConsensusEngine][Stop ConsensusEngineBase]
info|2020-11-26 07:30:57.560967|[CONSENSUS][ConsensusEngine]ConsensusEngineBase stopped
info|2020-11-26 07:30:57.560981|[LEDGER]sealer stopped. stop sync,groupID=1
info|2020-11-26 07:30:57.561306|[g:1] [SYNC][id:022787d0...]SyncMsgEngine stopped
info|2020-11-26 07:30:57.606490|[GossipBlockStatus]stop GossipBlockStatus succ
info|2020-11-26 07:30:58.607039|[SYNC][id:022787d0...][g:1]SyncMaster stopped
info|2020-11-26 07:30:58.607078|[LEDGER]sync stopped. stop event filter manager,groupID=1
info|2020-11-26 07:30:58.642959|[EVENT][EventLogFilterManager]stop
info|2020-11-26 07:30:58.642976|[LEDGER]event filter manager stopped. stop tx pool,groupID=1
info|2020-11-26 07:30:58.643167|[LEDGER]removeNetworkStatHandlerByGroupID and removeGroupBandwidthLimiter for service,groupID=1
info|2020-11-26 07:30:58.643184|[CHANNEL]removeSDKAllowListByGroupId,groupId=1
info|2020-11-26 07:30:58.643196|[INITIALIZER]ledgerInitializer stopped
warning|2020-11-26 07:30:58.643250|[CHANNEL]Accept failed,message=Operation canceled
info|2020-11-26 07:30:59.643699|[INITIALIZER]ChannelRPCHttpServer deleted.
info|2020-11-26 07:30:59.643986|[INITIALIZER]JsonrpcHttpServer deleted.
info|2020-11-26 07:30:59.644002|[INITIALIZER]RPCInitializer stopped
error|2020-11-26 07:30:59.644042|[NETWORK][Host]Error: system:125
info|2020-11-26 07:30:59.644137|[NETWORK][Host]Host exit
info|2020-11-26 07:30:59.644448|[INITIALIZER]P2PInitializer stopped
info|2020-11-26 07:30:59.644468|[LEDGER]stop sealer,groupID=1
info|2020-11-26 07:30:59.644480|[LEDGER]sealer stopped. stop sync,groupID=1
info|2020-11-26 07:30:59.644495|[g:1] [SYNC][id:022787d0...]SyncMsgEngine stopped
info|2020-11-26 07:30:59.644516|[GossipBlockStatus]GossipBlockStatus already stopped
info|2020-11-26 07:30:59.644523|[SYNC][id:022787d0...][g:1]SyncMaster stopped
info|2020-11-26 07:30:59.644530|[LEDGER]sync stopped. stop event filter manager,groupID=1
info|2020-11-26 07:30:59.644537|[LEDGER]event filter manager stopped. stop tx pool,groupID=1
info|2020-11-26 07:30:59.644546|[LEDGER]removeNetworkStatHandlerByGroupID and removeGroupBandwidthLimiter for service,groupID=1
info|2020-11-26 07:30:59.644563|[STORAGE]Stopping flushStorage thread
info|2020-11-26 07:31:00.504631|[STORAGE]flushStorage thread stopped.
info|2020-11-26 07:31:00.504662|[DBINITIALIZER] storage stopped
info|2020-11-26 07:31:00.509808|[g:1] [SYNC][id:022787d0...]SyncMsgEngine stopped
info|2020-11-26 07:31:00.509835|[GossipBlockStatus]GossipBlockStatus already stopped
info|2020-11-26 07:31:00.509847|[SYNC][id:022787d0...][g:1]SyncMaster stopped
info|2020-11-26 07:31:00.509874|[g:1] [SYNC][id:022787d0...]SyncMsgEngine stopped
