config file path : config.ini
[2020-11-25 15:09:35] Initializing...
[INITIALIZER][P2PInitializer]initConfig for P2PInitializer failed,check Port=30300,EINFO=Throw location unknown (consider using BOOST_THROW_EXCEPTION)
Dynamic exception type: boost::exception_detail::clone_impl<boost::exception_detail::error_info_injector<boost::system::system_error> >
std::exception::what: bind: Address already in use

config file path : config.ini
[2020-11-25 15:10:41] Initializing...
[INITIALIZER][P2PInitializer]initConfig for P2PInitializer failed,check Port=30300,EINFO=Throw location unknown (consider using BOOST_THROW_EXCEPTION)
Dynamic exception type: boost::exception_detail::clone_impl<boost::exception_detail::error_info_injector<boost::system::system_error> >
std::exception::what: bind: Address already in use

config file path : config.ini
[2020-11-25 15:11:59] Initializing...
[INITIALIZER][P2PInitializer]initConfig for P2PInitializer failed,check Port=30300,EINFO=Throw location unknown (consider using BOOST_THROW_EXCEPTION)
Dynamic exception type: boost::exception_detail::clone_impl<boost::exception_detail::error_info_injector<boost::system::system_error> >
std::exception::what: bind: Address already in use

config file path : config.ini
[2020-11-25 15:12:44] Initializing...
[INITIALIZER][P2PInitializer]initConfig for P2PInitializer failed,check Port=30300,EINFO=Throw location unknown (consider using BOOST_THROW_EXCEPTION)
Dynamic exception type: boost::exception_detail::clone_impl<boost::exception_detail::error_info_injector<boost::system::system_error> >
std::exception::what: bind: Address already in use

config file path : config.ini
[2020-11-25 15:13:00] Initializing...
[INITIALIZER][P2PInitializer]initConfig for P2PInitializer failed,check Port=30300,EINFO=Throw location unknown (consider using BOOST_THROW_EXCEPTION)
Dynamic exception type: boost::exception_detail::clone_impl<boost::exception_detail::error_info_injector<boost::system::system_error> >
std::exception::what: bind: Address already in use

config file path : config.ini
[2020-11-25 15:16:51] Initializing...
[INITIALIZER][P2PInitializer]initConfig for P2PInitializer failed,check Port=30300,EINFO=Throw location unknown (consider using BOOST_THROW_EXCEPTION)
Dynamic exception type: boost::exception_detail::clone_impl<boost::exception_detail::error_info_injector<boost::system::system_error> >
std::exception::what: bind: Address already in use

config file path : config.ini
[2020-11-25 15:30:44] Initializing...
[INITIALIZER][P2PInitializer]initConfig for P2PInitializer failed,check Port=30300,EINFO=Throw location unknown (consider using BOOST_THROW_EXCEPTION)
Dynamic exception type: boost::exception_detail::clone_impl<boost::exception_detail::error_info_injector<boost::system::system_error> >
std::exception::what: bind: Address already in use

config file path : config.ini
[2020-11-25 15:31:21] Initializing...
FISCO-BCOS Version : 2.6.0
Build Time         : 20200814 08:45:06
Build Type         : Linux/clang/Release
Git Branch         : HEAD
Git Commit Hash    : e4a5ef2ef64d1943fccc4ebc61467a91779fb1c0
[2020-11-25 15:31:21] The FISCO-BCOS is running...
[2020-11-25 16:38:18] FISCO-BCOS program exit normally.
config file path : config.ini
[2020-11-26 07:29:42] Initializing...
FISCO-BCOS Version : 2.6.0
Build Time         : 20200814 08:45:06
Build Type         : Linux/clang/Release
Git Branch         : HEAD
Git Commit Hash    : e4a5ef2ef64d1943fccc4ebc61467a91779fb1c0
[2020-11-26 07:29:42] The FISCO-BCOS is running...
[2020-11-26 07:31:00] FISCO-BCOS program exit normally.
config file path : config.ini
[2020-12-12 16:38:09] Initializing...
FISCO-BCOS Version : 2.6.0
Build Time         : 20200814 08:45:06
Build Type         : Linux/clang/Release
Git Branch         : HEAD
Git Commit Hash    : e4a5ef2ef64d1943fccc4ebc61467a91779fb1c0
[2020-12-12 16:38:09] The FISCO-BCOS is running...
[2020-12-12 16:38:20] FISCO-BCOS program exit normally.
config file path : config.ini
[2020-12-13 13:20:09] Initializing...
FISCO-BCOS Version : 2.6.0
Build Time         : 20200814 08:45:06
Build Type         : Linux/clang/Release
Git Branch         : HEAD
Git Commit Hash    : e4a5ef2ef64d1943fccc4ebc61467a91779fb1c0
[2020-12-13 13:20:10] The FISCO-BCOS is running...
[2020-12-16 08:58:56] FISCO-BCOS program exit normally.
